<?xml version="1.0" encoding="UTF-8"?>
<testsuite xmlns:xsi="http://www.w3.org/2001/XMLSchema-instance" xsi:noNamespaceSchemaLocation="https://maven.apache.org/surefire/maven-surefire-plugin/xsd/surefire-test-report.xsd" name="UserServiceTest" time="28.225" tests="6" errors="0" skipped="0" failures="0">
  <properties>
[...]
</properties>
  <testcase name="saveUser" classname="UserServiceTest" time="7.85"/>
  <testcase name="removeUserById" classname="UserServiceTest" time="8.474"/>
  <testcase name="getAllUsers" classname="UserServiceTest" time="7.512"/>
  <testcase name="dropUsersTable" classname="UserServiceTest" time="0.926"/>
  <testcase name="createUsersTable" classname="UserServiceTest" time="0.686"/>
  <testcase name="cleanUsersTable" classname="UserServiceTest" time="2.637"/>
</testsuite>